[0.730s] Invoking command in '/home/nakane/ros2_w/src/mypkg': PYTHONPATH=/home/nakane/ros2_w/build/mypkg/prefix_override:/home/nakane/ros2_w/install/mypkg/lib/python3.10/site-packages:${PYTHONPATH} /usr/bin/python3 setup.py egg_info --egg-base ../../build/mypkg build --build-base /home/nakane/ros2_w/build/mypkg/build install --record /home/nakane/ros2_w/build/mypkg/install.log --single-version-externally-managed
[1.031s] running egg_info
[1.032s] writing ../../build/mypkg/mypkg.egg-info/PKG-INFO
[1.032s] writing dependency_links to ../../build/mypkg/mypkg.egg-info/dependency_links.txt
[1.032s] writing entry points to ../../build/mypkg/mypkg.egg-info/entry_points.txt
[1.033s] writing requirements to ../../build/mypkg/mypkg.egg-info/requires.txt
[1.033s] writing top-level names to ../../build/mypkg/mypkg.egg-info/top_level.txt
[1.034s] reading manifest file '../../build/mypkg/mypkg.egg-info/SOURCES.txt'
[1.035s] writing manifest file '../../build/mypkg/mypkg.egg-info/SOURCES.txt'
[1.036s] running build
[1.036s] running build_py
[1.036s] copying mypkg/listener.py -> /home/nakane/ros2_w/build/mypkg/build/lib/mypkg
[1.041s] running install
[1.041s] /usr/lib/python3/dist-packages/setuptools/command/install.py:34: SetuptoolsDeprecationWarning: setup.py install is deprecated. Use build and pip and other standards-based tools.
[1.041s]   warnings.warn(
[1.041s] running install_lib
[1.043s] copying /home/nakane/ros2_w/build/mypkg/build/lib/mypkg/listener.py -> /home/nakane/ros2_w/install/mypkg/lib/python3.10/site-packages/mypkg
[1.044s] byte-compiling /home/nakane/ros2_w/install/mypkg/lib/python3.10/site-packages/mypkg/listener.py to listener.cpython-310.pyc
[1.046s] running install_data
[1.047s] running install_egg_info
[1.048s] removing '/home/nakane/ros2_w/install/mypkg/lib/python3.10/site-packages/mypkg-0.0.0-py3.10.egg-info' (and everything under it)
[1.050s] Copying ../../build/mypkg/mypkg.egg-info to /home/nakane/ros2_w/install/mypkg/lib/python3.10/site-packages/mypkg-0.0.0-py3.10.egg-info
[1.064s] running install_scripts
[1.085s] Installing listener script to /home/nakane/ros2_w/install/mypkg/lib/mypkg
[1.086s] Installing talker script to /home/nakane/ros2_w/install/mypkg/lib/mypkg
[1.086s] writing list of installed files to '/home/nakane/ros2_w/build/mypkg/install.log'
[1.102s] Invoked command in '/home/nakane/ros2_w/src/mypkg' returned '0': PYTHONPATH=/home/nakane/ros2_w/build/mypkg/prefix_override:/home/nakane/ros2_w/install/mypkg/lib/python3.10/site-packages:${PYTHONPATH} /usr/bin/python3 setup.py egg_info --egg-base ../../build/mypkg build --build-base /home/nakane/ros2_w/build/mypkg/build install --record /home/nakane/ros2_w/build/mypkg/install.log --single-version-externally-managed
