[0.720s] Invoking command in '/home/nakane/ros2_w/src/mypkg': PYTHONPATH=/home/nakane/ros2_w/build/mypkg/prefix_override:/home/nakane/ros2_w/install/mypkg/lib/python3.10/site-packages:${PYTHONPATH} /usr/bin/python3 setup.py egg_info --egg-base ../../build/mypkg build --build-base /home/nakane/ros2_w/build/mypkg/build install --record /home/nakane/ros2_w/build/mypkg/install.log --single-version-externally-managed
[1.004s] running egg_info
[1.005s] writing ../../build/mypkg/mypkg.egg-info/PKG-INFO
[1.005s] writing dependency_links to ../../build/mypkg/mypkg.egg-info/dependency_links.txt
[1.005s] writing entry points to ../../build/mypkg/mypkg.egg-info/entry_points.txt
[1.006s] writing requirements to ../../build/mypkg/mypkg.egg-info/requires.txt
[1.006s] writing top-level names to ../../build/mypkg/mypkg.egg-info/top_level.txt
[1.008s] reading manifest file '../../build/mypkg/mypkg.egg-info/SOURCES.txt'
[1.009s] writing manifest file '../../build/mypkg/mypkg.egg-info/SOURCES.txt'
[1.009s] running build
[1.009s] running build_py
[1.009s] copying mypkg/listener.py -> /home/nakane/ros2_w/build/mypkg/build/lib/mypkg
[1.014s] copying mypkg/talker.py -> /home/nakane/ros2_w/build/mypkg/build/lib/mypkg
[1.015s] running install
[1.016s] /usr/lib/python3/dist-packages/setuptools/command/install.py:34: SetuptoolsDeprecationWarning: setup.py install is deprecated. Use build and pip and other standards-based tools.
[1.016s]   warnings.warn(
[1.016s] running install_lib
[1.017s] copying /home/nakane/ros2_w/build/mypkg/build/lib/mypkg/listener.py -> /home/nakane/ros2_w/install/mypkg/lib/python3.10/site-packages/mypkg
[1.018s] copying /home/nakane/ros2_w/build/mypkg/build/lib/mypkg/talker.py -> /home/nakane/ros2_w/install/mypkg/lib/python3.10/site-packages/mypkg
[1.020s] byte-compiling /home/nakane/ros2_w/install/mypkg/lib/python3.10/site-packages/mypkg/listener.py to listener.cpython-310.pyc
[1.022s] byte-compiling /home/nakane/ros2_w/install/mypkg/lib/python3.10/site-packages/mypkg/talker.py to talker.cpython-310.pyc
[1.023s] running install_data
[1.024s] running install_egg_info
[1.026s] removing '/home/nakane/ros2_w/install/mypkg/lib/python3.10/site-packages/mypkg-0.0.0-py3.10.egg-info' (and everything under it)
[1.027s] Copying ../../build/mypkg/mypkg.egg-info to /home/nakane/ros2_w/install/mypkg/lib/python3.10/site-packages/mypkg-0.0.0-py3.10.egg-info
[1.034s] running install_scripts
[1.055s] Installing listener script to /home/nakane/ros2_w/install/mypkg/lib/mypkg
[1.055s] Installing talker script to /home/nakane/ros2_w/install/mypkg/lib/mypkg
[1.056s] writing list of installed files to '/home/nakane/ros2_w/build/mypkg/install.log'
[1.070s] Invoked command in '/home/nakane/ros2_w/src/mypkg' returned '0': PYTHONPATH=/home/nakane/ros2_w/build/mypkg/prefix_override:/home/nakane/ros2_w/install/mypkg/lib/python3.10/site-packages:${PYTHONPATH} /usr/bin/python3 setup.py egg_info --egg-base ../../build/mypkg build --build-base /home/nakane/ros2_w/build/mypkg/build install --record /home/nakane/ros2_w/build/mypkg/install.log --single-version-externally-managed
