[0.714s] Invoking command in '/home/nakane/ros2_w/src/mypkg': PYTHONPATH=/home/nakane/ros2_w/build/mypkg/prefix_override:/home/nakane/ros2_w/install/mypkg/lib/python3.10/site-packages:${PYTHONPATH} /usr/bin/python3 setup.py egg_info --egg-base ../../build/mypkg build --build-base /home/nakane/ros2_w/build/mypkg/build install --record /home/nakane/ros2_w/build/mypkg/install.log --single-version-externally-managed
[1.005s] running egg_info
[1.005s] writing ../../build/mypkg/mypkg.egg-info/PKG-INFO
[1.005s] writing dependency_links to ../../build/mypkg/mypkg.egg-info/dependency_links.txt
[1.006s] writing entry points to ../../build/mypkg/mypkg.egg-info/entry_points.txt
[1.007s] writing requirements to ../../build/mypkg/mypkg.egg-info/requires.txt
[1.007s] writing top-level names to ../../build/mypkg/mypkg.egg-info/top_level.txt
[1.009s] reading manifest file '../../build/mypkg/mypkg.egg-info/SOURCES.txt'
[1.010s] writing manifest file '../../build/mypkg/mypkg.egg-info/SOURCES.txt'
[1.010s] running build
[1.010s] running build_py
[1.010s] running install
[1.011s] /usr/lib/python3/dist-packages/setuptools/command/install.py:34: SetuptoolsDeprecationWarning: setup.py install is deprecated. Use build and pip and other standards-based tools.
[1.011s]   warnings.warn(
[1.011s] running install_lib
[1.012s] running install_data
[1.013s] running install_egg_info
[1.014s] removing '/home/nakane/ros2_w/install/mypkg/lib/python3.10/site-packages/mypkg-0.0.0-py3.10.egg-info' (and everything under it)
[1.016s] Copying ../../build/mypkg/mypkg.egg-info to /home/nakane/ros2_w/install/mypkg/lib/python3.10/site-packages/mypkg-0.0.0-py3.10.egg-info
[1.024s] running install_scripts
[1.046s] writing list of installed files to '/home/nakane/ros2_w/build/mypkg/install.log'
[1.060s] Invoked command in '/home/nakane/ros2_w/src/mypkg' returned '0': PYTHONPATH=/home/nakane/ros2_w/build/mypkg/prefix_override:/home/nakane/ros2_w/install/mypkg/lib/python3.10/site-packages:${PYTHONPATH} /usr/bin/python3 setup.py egg_info --egg-base ../../build/mypkg build --build-base /home/nakane/ros2_w/build/mypkg/build install --record /home/nakane/ros2_w/build/mypkg/install.log --single-version-externally-managed
