[0.735s] Invoking command in '/home/nakane/ros2_w/src/mypkg': PYTHONPATH=/home/nakane/ros2_w/src/mypkg/build/mypkg/prefix_override:/home/nakane/ros2_w/src/mypkg/install/mypkg/lib/python3.10/site-packages:${PYTHONPATH} /usr/bin/python3 setup.py egg_info --egg-base build/mypkg build --build-base /home/nakane/ros2_w/src/mypkg/build/mypkg/build install --record /home/nakane/ros2_w/src/mypkg/build/mypkg/install.log --single-version-externally-managed
[1.033s] running egg_info
[1.033s] creating build/mypkg/mypkg.egg-info
[1.033s] writing build/mypkg/mypkg.egg-info/PKG-INFO
[1.034s] writing dependency_links to build/mypkg/mypkg.egg-info/dependency_links.txt
[1.035s] writing entry points to build/mypkg/mypkg.egg-info/entry_points.txt
[1.036s] writing requirements to build/mypkg/mypkg.egg-info/requires.txt
[1.036s] writing top-level names to build/mypkg/mypkg.egg-info/top_level.txt
[1.036s] writing manifest file 'build/mypkg/mypkg.egg-info/SOURCES.txt'
[1.038s] reading manifest file 'build/mypkg/mypkg.egg-info/SOURCES.txt'
[1.039s] writing manifest file 'build/mypkg/mypkg.egg-info/SOURCES.txt'
[1.039s] running build
[1.039s] running build_py
[1.040s] creating /home/nakane/ros2_w/src/mypkg/build/mypkg/build
[1.040s] creating /home/nakane/ros2_w/src/mypkg/build/mypkg/build/lib
[1.040s] creating /home/nakane/ros2_w/src/mypkg/build/mypkg/build/lib/mypkg
[1.040s] copying mypkg/__init__.py -> /home/nakane/ros2_w/src/mypkg/build/mypkg/build/lib/mypkg
[1.041s] running install
[1.041s] /usr/lib/python3/dist-packages/setuptools/command/install.py:34: SetuptoolsDeprecationWarning: setup.py install is deprecated. Use build and pip and other standards-based tools.
[1.041s]   warnings.warn(
[1.042s] running install_lib
[1.042s] creating /home/nakane/ros2_w/src/mypkg/install/mypkg/lib/python3.10/site-packages/mypkg
[1.043s] copying /home/nakane/ros2_w/src/mypkg/build/mypkg/build/lib/mypkg/__init__.py -> /home/nakane/ros2_w/src/mypkg/install/mypkg/lib/python3.10/site-packages/mypkg
[1.044s] byte-compiling /home/nakane/ros2_w/src/mypkg/install/mypkg/lib/python3.10/site-packages/mypkg/__init__.py to __init__.cpython-310.pyc
[1.045s] running install_data
[1.045s] creating /home/nakane/ros2_w/src/mypkg/install/mypkg/share/ament_index
[1.045s] creating /home/nakane/ros2_w/src/mypkg/install/mypkg/share/ament_index/resource_index
[1.046s] creating /home/nakane/ros2_w/src/mypkg/install/mypkg/share/ament_index/resource_index/packages
[1.046s] copying resource/mypkg -> /home/nakane/ros2_w/src/mypkg/install/mypkg/share/ament_index/resource_index/packages
[1.046s] copying package.xml -> /home/nakane/ros2_w/src/mypkg/install/mypkg/share/mypkg
[1.047s] running install_egg_info
[1.049s] Copying build/mypkg/mypkg.egg-info to /home/nakane/ros2_w/src/mypkg/install/mypkg/lib/python3.10/site-packages/mypkg-0.0.0-py3.10.egg-info
[1.065s] running install_scripts
[1.085s] writing list of installed files to '/home/nakane/ros2_w/src/mypkg/build/mypkg/install.log'
[1.100s] Invoked command in '/home/nakane/ros2_w/src/mypkg' returned '0': PYTHONPATH=/home/nakane/ros2_w/src/mypkg/build/mypkg/prefix_override:/home/nakane/ros2_w/src/mypkg/install/mypkg/lib/python3.10/site-packages:${PYTHONPATH} /usr/bin/python3 setup.py egg_info --egg-base build/mypkg build --build-base /home/nakane/ros2_w/src/mypkg/build/mypkg/build install --record /home/nakane/ros2_w/src/mypkg/build/mypkg/install.log --single-version-externally-managed
