[0.720s] Invoking command in '/home/nakane/ros2_w/src/mypkg': PYTHONPATH=/home/nakane/ros2_w/build/mypkg/prefix_override:/home/nakane/ros2_w/install/mypkg/lib/python3.10/site-packages:${PYTHONPATH} /usr/bin/python3 setup.py egg_info --egg-base ../../build/mypkg build --build-base /home/nakane/ros2_w/build/mypkg/build install --record /home/nakane/ros2_w/build/mypkg/install.log --single-version-externally-managed
[1.012s] running egg_info
[1.012s] writing ../../build/mypkg/mypkg.egg-info/PKG-INFO
[1.013s] writing dependency_links to ../../build/mypkg/mypkg.egg-info/dependency_links.txt
[1.013s] writing entry points to ../../build/mypkg/mypkg.egg-info/entry_points.txt
[1.013s] writing requirements to ../../build/mypkg/mypkg.egg-info/requires.txt
[1.013s] writing top-level names to ../../build/mypkg/mypkg.egg-info/top_level.txt
[1.015s] reading manifest file '../../build/mypkg/mypkg.egg-info/SOURCES.txt'
[1.016s] writing manifest file '../../build/mypkg/mypkg.egg-info/SOURCES.txt'
[1.016s] running build
[1.016s] running build_py
[1.016s] copying mypkg/talker.py -> /home/nakane/ros2_w/build/mypkg/build/lib/mypkg
[1.021s] running install
[1.021s] /usr/lib/python3/dist-packages/setuptools/command/install.py:34: SetuptoolsDeprecationWarning: setup.py install is deprecated. Use build and pip and other standards-based tools.
[1.021s]   warnings.warn(
[1.021s] running install_lib
[1.022s] copying /home/nakane/ros2_w/build/mypkg/build/lib/mypkg/talker.py -> /home/nakane/ros2_w/install/mypkg/lib/python3.10/site-packages/mypkg
[1.024s] byte-compiling /home/nakane/ros2_w/install/mypkg/lib/python3.10/site-packages/mypkg/talker.py to talker.cpython-310.pyc
[1.026s] running install_data
[1.027s] copying package.xml -> /home/nakane/ros2_w/install/mypkg/share/mypkg
[1.027s] running install_egg_info
[1.029s] removing '/home/nakane/ros2_w/install/mypkg/lib/python3.10/site-packages/mypkg-0.0.0-py3.10.egg-info' (and everything under it)
[1.030s] Copying ../../build/mypkg/mypkg.egg-info to /home/nakane/ros2_w/install/mypkg/lib/python3.10/site-packages/mypkg-0.0.0-py3.10.egg-info
[1.043s] running install_scripts
[1.064s] Installing talker script to /home/nakane/ros2_w/install/mypkg/lib/mypkg
[1.065s] writing list of installed files to '/home/nakane/ros2_w/build/mypkg/install.log'
[1.079s] Invoked command in '/home/nakane/ros2_w/src/mypkg' returned '0': PYTHONPATH=/home/nakane/ros2_w/build/mypkg/prefix_override:/home/nakane/ros2_w/install/mypkg/lib/python3.10/site-packages:${PYTHONPATH} /usr/bin/python3 setup.py egg_info --egg-base ../../build/mypkg build --build-base /home/nakane/ros2_w/build/mypkg/build install --record /home/nakane/ros2_w/build/mypkg/install.log --single-version-externally-managed
