[0.717s] Invoking command in '/home/nakane/ros2_w/src/mypkg': PYTHONPATH=/home/nakane/ros2_w/build/mypkg/prefix_override:/home/nakane/ros2_w/install/mypkg/lib/python3.10/site-packages:${PYTHONPATH} /usr/bin/python3 setup.py egg_info --egg-base ../../build/mypkg build --build-base /home/nakane/ros2_w/build/mypkg/build install --record /home/nakane/ros2_w/build/mypkg/install.log --single-version-externally-managed
[1.019s] running egg_info
[1.019s] creating ../../build/mypkg/mypkg.egg-info
[1.020s] writing ../../build/mypkg/mypkg.egg-info/PKG-INFO
[1.021s] writing dependency_links to ../../build/mypkg/mypkg.egg-info/dependency_links.txt
[1.021s] writing entry points to ../../build/mypkg/mypkg.egg-info/entry_points.txt
[1.022s] writing requirements to ../../build/mypkg/mypkg.egg-info/requires.txt
[1.022s] writing top-level names to ../../build/mypkg/mypkg.egg-info/top_level.txt
[1.023s] writing manifest file '../../build/mypkg/mypkg.egg-info/SOURCES.txt'
[1.025s] reading manifest file '../../build/mypkg/mypkg.egg-info/SOURCES.txt'
[1.026s] writing manifest file '../../build/mypkg/mypkg.egg-info/SOURCES.txt'
[1.026s] running build
[1.026s] running build_py
[1.026s] creating /home/nakane/ros2_w/build/mypkg/build
[1.026s] creating /home/nakane/ros2_w/build/mypkg/build/lib
[1.026s] creating /home/nakane/ros2_w/build/mypkg/build/lib/mypkg
[1.027s] copying mypkg/__init__.py -> /home/nakane/ros2_w/build/mypkg/build/lib/mypkg
[1.027s] running install
[1.028s] /usr/lib/python3/dist-packages/setuptools/command/install.py:34: SetuptoolsDeprecationWarning: setup.py install is deprecated. Use build and pip and other standards-based tools.
[1.028s]   warnings.warn(
[1.028s] running install_lib
[1.029s] creating /home/nakane/ros2_w/install/mypkg/lib/python3.10/site-packages/mypkg
[1.029s] copying /home/nakane/ros2_w/build/mypkg/build/lib/mypkg/__init__.py -> /home/nakane/ros2_w/install/mypkg/lib/python3.10/site-packages/mypkg
[1.030s] byte-compiling /home/nakane/ros2_w/install/mypkg/lib/python3.10/site-packages/mypkg/__init__.py to __init__.cpython-310.pyc
[1.031s] running install_data
[1.032s] creating /home/nakane/ros2_w/install/mypkg/share/ament_index
[1.032s] creating /home/nakane/ros2_w/install/mypkg/share/ament_index/resource_index
[1.032s] creating /home/nakane/ros2_w/install/mypkg/share/ament_index/resource_index/packages
[1.032s] copying resource/mypkg -> /home/nakane/ros2_w/install/mypkg/share/ament_index/resource_index/packages
[1.033s] copying package.xml -> /home/nakane/ros2_w/install/mypkg/share/mypkg
[1.034s] running install_egg_info
[1.035s] Copying ../../build/mypkg/mypkg.egg-info to /home/nakane/ros2_w/install/mypkg/lib/python3.10/site-packages/mypkg-0.0.0-py3.10.egg-info
[1.046s] running install_scripts
[1.066s] writing list of installed files to '/home/nakane/ros2_w/build/mypkg/install.log'
[1.081s] Invoked command in '/home/nakane/ros2_w/src/mypkg' returned '0': PYTHONPATH=/home/nakane/ros2_w/build/mypkg/prefix_override:/home/nakane/ros2_w/install/mypkg/lib/python3.10/site-packages:${PYTHONPATH} /usr/bin/python3 setup.py egg_info --egg-base ../../build/mypkg build --build-base /home/nakane/ros2_w/build/mypkg/build install --record /home/nakane/ros2_w/build/mypkg/install.log --single-version-externally-managed
